mode: set
github.com/open-telemetry/opentelemetry-collector-contrib/exporter/googlesecopsexporter/config.go:105.37,106.48 1 1
github.com/open-telemetry/opentelemetry-collector-contrib/exporter/googlesecopsexporter/config.go:106.48,108.3 1 1
github.com/open-telemetry/opentelemetry-collector-contrib/exporter/googlesecopsexporter/config.go:110.2,110.27 1 1
github.com/open-telemetry/opentelemetry-collector-contrib/exporter/googlesecopsexporter/config.go:110.27,114.17 2 1
github.com/open-telemetry/opentelemetry-collector-contrib/exporter/googlesecopsexporter/config.go:114.17,116.4 1 0
github.com/open-telemetry/opentelemetry-collector-contrib/exporter/googlesecopsexporter/config.go:119.2,119.70 1 1
github.com/open-telemetry/opentelemetry-collector-contrib/exporter/googlesecopsexporter/config.go:119.70,121.3 1 1
github.com/open-telemetry/opentelemetry-collector-contrib/exporter/googlesecopsexporter/config.go:123.2,123.95 1 1
github.com/open-telemetry/opentelemetry-collector-contrib/exporter/googlesecopsexporter/config.go:123.95,125.3 1 0
github.com/open-telemetry/opentelemetry-collector-contrib/exporter/googlesecopsexporter/config.go:127.2,127.35 1 1
github.com/open-telemetry/opentelemetry-collector-contrib/exporter/googlesecopsexporter/config.go:127.35,128.25 1 1
github.com/open-telemetry/opentelemetry-collector-contrib/exporter/googlesecopsexporter/config.go:128.25,130.4 1 1
github.com/open-telemetry/opentelemetry-collector-contrib/exporter/googlesecopsexporter/config.go:131.3,131.24 1 1
github.com/open-telemetry/opentelemetry-collector-contrib/exporter/googlesecopsexporter/config.go:131.24,133.4 1 1
github.com/open-telemetry/opentelemetry-collector-contrib/exporter/googlesecopsexporter/config.go:134.3,134.41 1 1
github.com/open-telemetry/opentelemetry-collector-contrib/exporter/googlesecopsexporter/config.go:134.41,136.4 1 1
github.com/open-telemetry/opentelemetry-collector-contrib/exporter/googlesecopsexporter/config.go:138.3,138.13 1 1
github.com/open-telemetry/opentelemetry-collector-contrib/exporter/googlesecopsexporter/config.go:141.2,141.34 1 1
github.com/open-telemetry/opentelemetry-collector-contrib/exporter/googlesecopsexporter/config.go:141.34,142.41 1 1
github.com/open-telemetry/opentelemetry-collector-contrib/exporter/googlesecopsexporter/config.go:142.41,144.4 1 1
github.com/open-telemetry/opentelemetry-collector-contrib/exporter/googlesecopsexporter/config.go:146.3,146.13 1 1
github.com/open-telemetry/opentelemetry-collector-contrib/exporter/googlesecopsexporter/config.go:149.2,149.57 1 0
github.com/open-telemetry/opentelemetry-collector-contrib/exporter/googlesecopsexporter/factory.go:19.36,24.2 1 1
github.com/open-telemetry/opentelemetry-collector-contrib/exporter/googlesecopsexporter/factory.go:50.45,65.2 1 1
github.com/open-telemetry/opentelemetry-collector-contrib/exporter/googlesecopsexporter/factory.go:72.34,74.16 2 1
github.com/open-telemetry/opentelemetry-collector-contrib/exporter/googlesecopsexporter/factory.go:74.16,76.3 1 0
github.com/open-telemetry/opentelemetry-collector-contrib/exporter/googlesecopsexporter/factory.go:78.2,79.33 2 1
github.com/open-telemetry/opentelemetry-collector-contrib/exporter/googlesecopsexporter/factory.go:79.33,81.3 1 1
github.com/open-telemetry/opentelemetry-collector-contrib/exporter/googlesecopsexporter/factory.go:81.8,83.3 1 1
github.com/open-telemetry/opentelemetry-collector-contrib/exporter/googlesecopsexporter/factory.go:84.2,84.16 1 1
github.com/open-telemetry/opentelemetry-collector-contrib/exporter/googlesecopsexporter/factory.go:84.16,86.3 1 0
github.com/open-telemetry/opentelemetry-collector-contrib/exporter/googlesecopsexporter/factory.go:87.2,98.3 1 1
github.com/open-telemetry/opentelemetry-collector-contrib/exporter/googlesecopsexporter/grpc_exporter.go:48.122,50.16 2 1
github.com/open-telemetry/opentelemetry-collector-contrib/exporter/googlesecopsexporter/grpc_exporter.go:50.16,52.3 1 0
github.com/open-telemetry/opentelemetry-collector-contrib/exporter/googlesecopsexporter/grpc_exporter.go:53.2,75.8 3 1
github.com/open-telemetry/opentelemetry-collector-contrib/exporter/googlesecopsexporter/grpc_exporter.go:78.63,80.2 1 1
github.com/open-telemetry/opentelemetry-collector-contrib/exporter/googlesecopsexporter/grpc_exporter.go:82.77,84.16 2 1
github.com/open-telemetry/opentelemetry-collector-contrib/exporter/googlesecopsexporter/grpc_exporter.go:84.16,86.3 1 1
github.com/open-telemetry/opentelemetry-collector-contrib/exporter/googlesecopsexporter/grpc_exporter.go:87.2,89.16 3 1
github.com/open-telemetry/opentelemetry-collector-contrib/exporter/googlesecopsexporter/grpc_exporter.go:89.16,91.3 1 0
github.com/open-telemetry/opentelemetry-collector-contrib/exporter/googlesecopsexporter/grpc_exporter.go:92.2,95.33 3 1
github.com/open-telemetry/opentelemetry-collector-contrib/exporter/googlesecopsexporter/grpc_exporter.go:95.33,96.79 1 1
github.com/open-telemetry/opentelemetry-collector-contrib/exporter/googlesecopsexporter/grpc_exporter.go:96.79,99.4 2 0
github.com/open-telemetry/opentelemetry-collector-contrib/exporter/googlesecopsexporter/grpc_exporter.go:100.3,101.17 2 1
github.com/open-telemetry/opentelemetry-collector-contrib/exporter/googlesecopsexporter/grpc_exporter.go:101.17,103.4 1 0
github.com/open-telemetry/opentelemetry-collector-contrib/exporter/googlesecopsexporter/grpc_exporter.go:104.3,105.22 2 1
github.com/open-telemetry/opentelemetry-collector-contrib/exporter/googlesecopsexporter/grpc_exporter.go:108.2,108.12 1 1
github.com/open-telemetry/opentelemetry-collector-contrib/exporter/googlesecopsexporter/grpc_exporter.go:111.58,113.24 2 1
github.com/open-telemetry/opentelemetry-collector-contrib/exporter/googlesecopsexporter/grpc_exporter.go:113.24,115.3 1 1
github.com/open-telemetry/opentelemetry-collector-contrib/exporter/googlesecopsexporter/grpc_exporter.go:116.2,116.21 1 1
github.com/open-telemetry/opentelemetry-collector-contrib/exporter/googlesecopsexporter/grpc_exporter.go:116.21,117.42 1 1
github.com/open-telemetry/opentelemetry-collector-contrib/exporter/googlesecopsexporter/grpc_exporter.go:117.42,119.4 1 0
github.com/open-telemetry/opentelemetry-collector-contrib/exporter/googlesecopsexporter/grpc_exporter.go:121.2,121.12 1 1
github.com/open-telemetry/opentelemetry-collector-contrib/exporter/googlesecopsexporter/grpc_exporter.go:135.79,137.16 2 1
github.com/open-telemetry/opentelemetry-collector-contrib/exporter/googlesecopsexporter/grpc_exporter.go:137.16,139.3 1 0
github.com/open-telemetry/opentelemetry-collector-contrib/exporter/googlesecopsexporter/grpc_exporter.go:140.2,141.35 2 1
github.com/open-telemetry/opentelemetry-collector-contrib/exporter/googlesecopsexporter/grpc_exporter.go:141.35,142.61 1 1
github.com/open-telemetry/opentelemetry-collector-contrib/exporter/googlesecopsexporter/grpc_exporter.go:142.61,147.38 2 1
github.com/open-telemetry/opentelemetry-collector-contrib/exporter/googlesecopsexporter/grpc_exporter.go:147.38,149.5 1 1
github.com/open-telemetry/opentelemetry-collector-contrib/exporter/googlesecopsexporter/grpc_exporter.go:150.4,150.14 1 1
github.com/open-telemetry/opentelemetry-collector-contrib/exporter/googlesecopsexporter/grpc_exporter.go:152.3,152.59 1 1
github.com/open-telemetry/opentelemetry-collector-contrib/exporter/googlesecopsexporter/grpc_exporter.go:155.2,160.12 2 1
github.com/open-telemetry/opentelemetry-collector-contrib/exporter/googlesecopsexporter/grpc_exporter.go:163.112,165.35 2 1
github.com/open-telemetry/opentelemetry-collector-contrib/exporter/googlesecopsexporter/grpc_exporter.go:165.35,166.49 1 1
github.com/open-telemetry/opentelemetry-collector-contrib/exporter/googlesecopsexporter/grpc_exporter.go:166.49,168.4 1 1
github.com/open-telemetry/opentelemetry-collector-contrib/exporter/googlesecopsexporter/grpc_exporter.go:170.2,170.20 1 1
github.com/open-telemetry/opentelemetry-collector-contrib/exporter/googlesecopsexporter/grpc_exporter.go:170.20,176.3 1 1
github.com/open-telemetry/opentelemetry-collector-contrib/exporter/googlesecopsexporter/grpc_exporter.go:179.108,180.24 1 1
github.com/open-telemetry/opentelemetry-collector-contrib/exporter/googlesecopsexporter/grpc_exporter.go:180.24,183.3 2 1
github.com/open-telemetry/opentelemetry-collector-contrib/exporter/googlesecopsexporter/grpc_exporter.go:186.2,189.16 3 1
github.com/open-telemetry/opentelemetry-collector-contrib/exporter/googlesecopsexporter/grpc_exporter.go:189.16,191.18 2 1
github.com/open-telemetry/opentelemetry-collector-contrib/exporter/googlesecopsexporter/grpc_exporter.go:198.18,208.55 4 1
github.com/open-telemetry/opentelemetry-collector-contrib/exporter/googlesecopsexporter/grpc_exporter.go:209.11,213.83 2 1
github.com/open-telemetry/opentelemetry-collector-contrib/exporter/googlesecopsexporter/grpc_exporter.go:217.2,221.24 3 1
github.com/open-telemetry/opentelemetry-collector-contrib/exporter/googlesecopsexporter/grpc_exporter.go:221.24,224.3 2 1
github.com/open-telemetry/opentelemetry-collector-contrib/exporter/googlesecopsexporter/grpc_exporter.go:226.2,226.12 1 1
github.com/open-telemetry/opentelemetry-collector-contrib/exporter/googlesecopsexporter/grpc_exporter.go:229.59,231.42 2 1
github.com/open-telemetry/opentelemetry-collector-contrib/exporter/googlesecopsexporter/grpc_exporter.go:231.42,233.3 1 0
github.com/open-telemetry/opentelemetry-collector-contrib/exporter/googlesecopsexporter/grpc_exporter.go:234.2,234.13 1 1
github.com/open-telemetry/opentelemetry-collector-contrib/exporter/googlesecopsexporter/grpc_exporter.go:238.100,243.2 1 1
github.com/open-telemetry/opentelemetry-collector-contrib/exporter/googlesecopsexporter/hostmetrics.go:42.146,44.16 2 1
github.com/open-telemetry/opentelemetry-collector-contrib/exporter/googlesecopsexporter/hostmetrics.go:44.16,46.3 1 0
github.com/open-telemetry/opentelemetry-collector-contrib/exporter/googlesecopsexporter/hostmetrics.go:48.2,49.88 2 1
github.com/open-telemetry/opentelemetry-collector-contrib/exporter/googlesecopsexporter/hostmetrics.go:49.88,52.17 3 0
github.com/open-telemetry/opentelemetry-collector-contrib/exporter/googlesecopsexporter/hostmetrics.go:52.17,54.4 1 0
github.com/open-telemetry/opentelemetry-collector-contrib/exporter/googlesecopsexporter/hostmetrics.go:54.9,56.4 1 0
github.com/open-telemetry/opentelemetry-collector-contrib/exporter/googlesecopsexporter/hostmetrics.go:59.2,74.8 2 1
github.com/open-telemetry/opentelemetry-collector-contrib/exporter/googlesecopsexporter/hostmetrics.go:77.41,82.12 4 1
github.com/open-telemetry/opentelemetry-collector-contrib/exporter/googlesecopsexporter/hostmetrics.go:82.12,85.16 2 1
github.com/open-telemetry/opentelemetry-collector-contrib/exporter/googlesecopsexporter/hostmetrics.go:85.16,88.4 2 1
github.com/open-telemetry/opentelemetry-collector-contrib/exporter/googlesecopsexporter/hostmetrics.go:90.3,90.7 1 1
github.com/open-telemetry/opentelemetry-collector-contrib/exporter/googlesecopsexporter/hostmetrics.go:90.7,91.11 1 1
github.com/open-telemetry/opentelemetry-collector-contrib/exporter/googlesecopsexporter/hostmetrics.go:92.22,93.11 1 1
github.com/open-telemetry/opentelemetry-collector-contrib/exporter/googlesecopsexporter/hostmetrics.go:94.20,96.19 2 0
github.com/open-telemetry/opentelemetry-collector-contrib/exporter/googlesecopsexporter/hostmetrics.go:96.19,98.6 1 0
github.com/open-telemetry/opentelemetry-collector-contrib/exporter/googlesecopsexporter/hostmetrics.go:99.5,100.49 2 0
github.com/open-telemetry/opentelemetry-collector-contrib/exporter/googlesecopsexporter/hostmetrics.go:100.49,102.6 1 0
github.com/open-telemetry/opentelemetry-collector-contrib/exporter/googlesecopsexporter/hostmetrics.go:108.77,141.2 8 0
github.com/open-telemetry/opentelemetry-collector-contrib/exporter/googlesecopsexporter/hostmetrics.go:143.44,144.23 1 1
github.com/open-telemetry/opentelemetry-collector-contrib/exporter/googlesecopsexporter/hostmetrics.go:144.23,147.3 2 1
github.com/open-telemetry/opentelemetry-collector-contrib/exporter/googlesecopsexporter/hostmetrics.go:150.46,165.2 3 0
github.com/open-telemetry/opentelemetry-collector-contrib/exporter/googlesecopsexporter/hostmetrics.go:167.60,173.16 4 0
github.com/open-telemetry/opentelemetry-collector-contrib/exporter/googlesecopsexporter/hostmetrics.go:173.16,175.3 1 0
github.com/open-telemetry/opentelemetry-collector-contrib/exporter/googlesecopsexporter/hostmetrics.go:178.2,179.16 2 0
github.com/open-telemetry/opentelemetry-collector-contrib/exporter/googlesecopsexporter/hostmetrics.go:179.16,181.3 1 0
github.com/open-telemetry/opentelemetry-collector-contrib/exporter/googlesecopsexporter/hostmetrics.go:182.2,189.16 4 0
github.com/open-telemetry/opentelemetry-collector-contrib/exporter/googlesecopsexporter/hostmetrics.go:189.16,191.3 1 0
github.com/open-telemetry/opentelemetry-collector-contrib/exporter/googlesecopsexporter/hostmetrics.go:192.2,196.16 3 0
github.com/open-telemetry/opentelemetry-collector-contrib/exporter/googlesecopsexporter/hostmetrics.go:196.16,198.3 1 0
github.com/open-telemetry/opentelemetry-collector-contrib/exporter/googlesecopsexporter/hostmetrics.go:199.2,203.12 4 0
github.com/open-telemetry/opentelemetry-collector-contrib/exporter/googlesecopsexporter/hostmetrics.go:206.57,211.2 4 1
github.com/open-telemetry/opentelemetry-collector-contrib/exporter/googlesecopsexporter/http_exporter.go:65.122,67.16 2 1
github.com/open-telemetry/opentelemetry-collector-contrib/exporter/googlesecopsexporter/http_exporter.go:67.16,69.3 1 0
github.com/open-telemetry/opentelemetry-collector-contrib/exporter/googlesecopsexporter/http_exporter.go:70.2,91.8 3 1
github.com/open-telemetry/opentelemetry-collector-contrib/exporter/googlesecopsexporter/http_exporter.go:94.63,96.2 1 1
github.com/open-telemetry/opentelemetry-collector-contrib/exporter/googlesecopsexporter/http_exporter.go:98.77,100.16 2 1
github.com/open-telemetry/opentelemetry-collector-contrib/exporter/googlesecopsexporter/http_exporter.go:100.16,102.3 1 1
github.com/open-telemetry/opentelemetry-collector-contrib/exporter/googlesecopsexporter/http_exporter.go:104.2,122.30 3 1
github.com/open-telemetry/opentelemetry-collector-contrib/exporter/googlesecopsexporter/http_exporter.go:122.30,124.3 1 0
github.com/open-telemetry/opentelemetry-collector-contrib/exporter/googlesecopsexporter/http_exporter.go:126.2,126.12 1 1
github.com/open-telemetry/opentelemetry-collector-contrib/exporter/googlesecopsexporter/http_exporter.go:129.78,135.16 4 0
github.com/open-telemetry/opentelemetry-collector-contrib/exporter/googlesecopsexporter/http_exporter.go:135.16,138.3 2 0
github.com/open-telemetry/opentelemetry-collector-contrib/exporter/googlesecopsexporter/http_exporter.go:141.2,144.6 3 0
github.com/open-telemetry/opentelemetry-collector-contrib/exporter/googlesecopsexporter/http_exporter.go:144.6,145.35 1 0
github.com/open-telemetry/opentelemetry-collector-contrib/exporter/googlesecopsexporter/http_exporter.go:145.35,148.4 2 0
github.com/open-telemetry/opentelemetry-collector-contrib/exporter/googlesecopsexporter/http_exporter.go:149.3,150.17 2 0
github.com/open-telemetry/opentelemetry-collector-contrib/exporter/googlesecopsexporter/http_exporter.go:150.17,153.4 2 0
github.com/open-telemetry/opentelemetry-collector-contrib/exporter/googlesecopsexporter/http_exporter.go:155.3,167.43 5 0
github.com/open-telemetry/opentelemetry-collector-contrib/exporter/googlesecopsexporter/http_exporter.go:167.43,169.4 1 0
github.com/open-telemetry/opentelemetry-collector-contrib/exporter/googlesecopsexporter/http_exporter.go:171.3,171.53 1 0
github.com/open-telemetry/opentelemetry-collector-contrib/exporter/googlesecopsexporter/http_exporter.go:171.53,172.62 1 0
github.com/open-telemetry/opentelemetry-collector-contrib/exporter/googlesecopsexporter/http_exporter.go:172.62,175.5 2 0
github.com/open-telemetry/opentelemetry-collector-contrib/exporter/googlesecopsexporter/http_exporter.go:176.4,176.46 1 0
github.com/open-telemetry/opentelemetry-collector-contrib/exporter/googlesecopsexporter/http_exporter.go:176.46,178.5 1 0
github.com/open-telemetry/opentelemetry-collector-contrib/exporter/googlesecopsexporter/http_exporter.go:181.3,181.17 1 0
github.com/open-telemetry/opentelemetry-collector-contrib/exporter/googlesecopsexporter/http_exporter.go:181.17,184.4 2 0
github.com/open-telemetry/opentelemetry-collector-contrib/exporter/googlesecopsexporter/http_exporter.go:185.3,185.39 1 0
github.com/open-telemetry/opentelemetry-collector-contrib/exporter/googlesecopsexporter/http_exporter.go:185.39,188.4 2 0
github.com/open-telemetry/opentelemetry-collector-contrib/exporter/googlesecopsexporter/http_exporter.go:189.3,189.35 1 0
github.com/open-telemetry/opentelemetry-collector-contrib/exporter/googlesecopsexporter/http_exporter.go:189.35,190.9 1 0
github.com/open-telemetry/opentelemetry-collector-contrib/exporter/googlesecopsexporter/http_exporter.go:192.3,193.17 2 0
github.com/open-telemetry/opentelemetry-collector-contrib/exporter/googlesecopsexporter/http_exporter.go:193.17,196.4 2 0
github.com/open-telemetry/opentelemetry-collector-contrib/exporter/googlesecopsexporter/http_exporter.go:199.2,199.17 1 0
github.com/open-telemetry/opentelemetry-collector-contrib/exporter/googlesecopsexporter/http_exporter.go:210.44,214.2 2 0
github.com/open-telemetry/opentelemetry-collector-contrib/exporter/googlesecopsexporter/http_exporter.go:216.58,217.26 1 1
github.com/open-telemetry/opentelemetry-collector-contrib/exporter/googlesecopsexporter/http_exporter.go:217.26,219.3 1 1
github.com/open-telemetry/opentelemetry-collector-contrib/exporter/googlesecopsexporter/http_exporter.go:220.2,220.12 1 1
github.com/open-telemetry/opentelemetry-collector-contrib/exporter/googlesecopsexporter/http_exporter.go:234.79,236.16 2 1
github.com/open-telemetry/opentelemetry-collector-contrib/exporter/googlesecopsexporter/http_exporter.go:236.16,238.3 1 0
github.com/open-telemetry/opentelemetry-collector-contrib/exporter/googlesecopsexporter/http_exporter.go:239.2,240.49 2 1
github.com/open-telemetry/opentelemetry-collector-contrib/exporter/googlesecopsexporter/http_exporter.go:240.49,241.43 1 1
github.com/open-telemetry/opentelemetry-collector-contrib/exporter/googlesecopsexporter/http_exporter.go:241.43,242.75 1 1
github.com/open-telemetry/opentelemetry-collector-contrib/exporter/googlesecopsexporter/http_exporter.go:242.75,247.39 2 1
github.com/open-telemetry/opentelemetry-collector-contrib/exporter/googlesecopsexporter/http_exporter.go:247.39,249.6 1 1
github.com/open-telemetry/opentelemetry-collector-contrib/exporter/googlesecopsexporter/http_exporter.go:250.5,250.51 1 1
github.com/open-telemetry/opentelemetry-collector-contrib/exporter/googlesecopsexporter/http_exporter.go:252.4,252.60 1 1
github.com/open-telemetry/opentelemetry-collector-contrib/exporter/googlesecopsexporter/http_exporter.go:256.2,261.12 2 1
github.com/open-telemetry/opentelemetry-collector-contrib/exporter/googlesecopsexporter/http_exporter.go:264.107,266.35 2 1
github.com/open-telemetry/opentelemetry-collector-contrib/exporter/googlesecopsexporter/http_exporter.go:266.35,268.26 2 1
github.com/open-telemetry/opentelemetry-collector-contrib/exporter/googlesecopsexporter/http_exporter.go:268.26,270.12 2 0
github.com/open-telemetry/opentelemetry-collector-contrib/exporter/googlesecopsexporter/http_exporter.go:272.3,272.43 1 1
github.com/open-telemetry/opentelemetry-collector-contrib/exporter/googlesecopsexporter/http_exporter.go:272.43,274.4 1 1
github.com/open-telemetry/opentelemetry-collector-contrib/exporter/googlesecopsexporter/http_exporter.go:276.2,276.20 1 1
github.com/open-telemetry/opentelemetry-collector-contrib/exporter/googlesecopsexporter/http_exporter.go:276.20,282.3 1 1
github.com/open-telemetry/opentelemetry-collector-contrib/exporter/googlesecopsexporter/http_exporter.go:285.120,287.16 2 1
github.com/open-telemetry/opentelemetry-collector-contrib/exporter/googlesecopsexporter/http_exporter.go:287.16,289.3 1 0
github.com/open-telemetry/opentelemetry-collector-contrib/exporter/googlesecopsexporter/http_exporter.go:291.2,292.42 2 1
github.com/open-telemetry/opentelemetry-collector-contrib/exporter/googlesecopsexporter/http_exporter.go:292.42,295.43 3 0
github.com/open-telemetry/opentelemetry-collector-contrib/exporter/googlesecopsexporter/http_exporter.go:295.43,297.4 1 0
github.com/open-telemetry/opentelemetry-collector-contrib/exporter/googlesecopsexporter/http_exporter.go:298.3,298.36 1 0
github.com/open-telemetry/opentelemetry-collector-contrib/exporter/googlesecopsexporter/http_exporter.go:298.36,300.4 1 0
github.com/open-telemetry/opentelemetry-collector-contrib/exporter/googlesecopsexporter/http_exporter.go:301.3,301.12 1 0
github.com/open-telemetry/opentelemetry-collector-contrib/exporter/googlesecopsexporter/http_exporter.go:302.8,304.3 1 1
github.com/open-telemetry/opentelemetry-collector-contrib/exporter/googlesecopsexporter/http_exporter.go:306.2,307.16 2 1
github.com/open-telemetry/opentelemetry-collector-contrib/exporter/googlesecopsexporter/http_exporter.go:307.16,309.3 1 0
github.com/open-telemetry/opentelemetry-collector-contrib/exporter/googlesecopsexporter/http_exporter.go:311.2,311.42 1 1
github.com/open-telemetry/opentelemetry-collector-contrib/exporter/googlesecopsexporter/http_exporter.go:311.42,313.3 1 0
github.com/open-telemetry/opentelemetry-collector-contrib/exporter/googlesecopsexporter/http_exporter.go:315.2,321.16 4 1
github.com/open-telemetry/opentelemetry-collector-contrib/exporter/googlesecopsexporter/http_exporter.go:321.16,324.47 3 0
github.com/open-telemetry/opentelemetry-collector-contrib/exporter/googlesecopsexporter/http_exporter.go:324.47,326.4 1 0
github.com/open-telemetry/opentelemetry-collector-contrib/exporter/googlesecopsexporter/http_exporter.go:327.3,333.55 3 0
github.com/open-telemetry/opentelemetry-collector-contrib/exporter/googlesecopsexporter/http_exporter.go:335.2,345.38 5 1
github.com/open-telemetry/opentelemetry-collector-contrib/exporter/googlesecopsexporter/http_exporter.go:345.38,347.3 1 1
github.com/open-telemetry/opentelemetry-collector-contrib/exporter/googlesecopsexporter/http_exporter.go:349.2,350.16 2 1
github.com/open-telemetry/opentelemetry-collector-contrib/exporter/googlesecopsexporter/http_exporter.go:350.16,352.3 1 0
github.com/open-telemetry/opentelemetry-collector-contrib/exporter/googlesecopsexporter/http_exporter.go:354.2,358.25 3 1
github.com/open-telemetry/opentelemetry-collector-contrib/exporter/googlesecopsexporter/http_exporter.go:359.69,360.19 1 1
github.com/open-telemetry/opentelemetry-collector-contrib/exporter/googlesecopsexporter/http_exporter.go:361.10,362.33 1 1
github.com/open-telemetry/opentelemetry-collector-contrib/exporter/googlesecopsexporter/http_exporter.go:362.33,364.4 1 0
github.com/open-telemetry/opentelemetry-collector-contrib/exporter/googlesecopsexporter/http_exporter.go:365.3,365.47 1 1
github.com/open-telemetry/opentelemetry-collector-contrib/exporter/googlesecopsexporter/http_exporter.go:372.61,375.2 2 0
github.com/open-telemetry/opentelemetry-collector-contrib/exporter/googlesecopsexporter/http_exporter.go:377.52,380.2 2 0
github.com/open-telemetry/opentelemetry-collector-contrib/exporter/googlesecopsexporter/http_exporter.go:382.39,385.2 2 0
github.com/open-telemetry/opentelemetry-collector-contrib/exporter/googlesecopsexporter/log_grouper.go:25.34,29.2 1 1
github.com/open-telemetry/opentelemetry-collector-contrib/exporter/googlesecopsexporter/log_grouper.go:32.85,37.30 2 1
github.com/open-telemetry/opentelemetry-collector-contrib/exporter/googlesecopsexporter/log_grouper.go:37.30,39.41 2 1
github.com/open-telemetry/opentelemetry-collector-contrib/exporter/googlesecopsexporter/log_grouper.go:39.41,41.4 1 1
github.com/open-telemetry/opentelemetry-collector-contrib/exporter/googlesecopsexporter/log_grouper.go:42.3,43.44 2 1
github.com/open-telemetry/opentelemetry-collector-contrib/exporter/googlesecopsexporter/log_grouper.go:46.2,46.12 1 1
github.com/open-telemetry/opentelemetry-collector-contrib/exporter/googlesecopsexporter/log_grouper.go:50.102,53.44 2 1
github.com/open-telemetry/opentelemetry-collector-contrib/exporter/googlesecopsexporter/log_grouper.go:53.44,55.3 1 1
github.com/open-telemetry/opentelemetry-collector-contrib/exporter/googlesecopsexporter/log_grouper.go:55.8,62.3 1 1
github.com/open-telemetry/opentelemetry-collector-contrib/exporter/googlesecopsexporter/log_grouper.go:66.121,67.33 1 1
github.com/open-telemetry/opentelemetry-collector-contrib/exporter/googlesecopsexporter/log_grouper.go:67.33,69.3 1 1
github.com/open-telemetry/opentelemetry-collector-contrib/exporter/googlesecopsexporter/log_grouper.go:72.30,74.2 1 0
github.com/open-telemetry/opentelemetry-collector-contrib/exporter/googlesecopsexporter/mac.go:15.29,17.2 1 1
github.com/open-telemetry/opentelemetry-collector-contrib/exporter/googlesecopsexporter/mac.go:20.72,22.16 2 1
github.com/open-telemetry/opentelemetry-collector-contrib/exporter/googlesecopsexporter/mac.go:22.16,24.3 1 1
github.com/open-telemetry/opentelemetry-collector-contrib/exporter/googlesecopsexporter/mac.go:26.2,26.31 1 1
github.com/open-telemetry/opentelemetry-collector-contrib/exporter/googlesecopsexporter/mac.go:26.31,27.40 1 1
github.com/open-telemetry/opentelemetry-collector-contrib/exporter/googlesecopsexporter/mac.go:27.40,29.31 2 1
github.com/open-telemetry/opentelemetry-collector-contrib/exporter/googlesecopsexporter/mac.go:29.31,31.39 2 1
github.com/open-telemetry/opentelemetry-collector-contrib/exporter/googlesecopsexporter/mac.go:31.39,33.6 1 1
github.com/open-telemetry/opentelemetry-collector-contrib/exporter/googlesecopsexporter/mac.go:34.5,35.36 2 1
github.com/open-telemetry/opentelemetry-collector-contrib/exporter/googlesecopsexporter/mac.go:35.36,37.6 1 1
github.com/open-telemetry/opentelemetry-collector-contrib/exporter/googlesecopsexporter/mac.go:42.2,42.21 1 1
github.com/open-telemetry/opentelemetry-collector-contrib/exporter/googlesecopsexporter/mac.go:46.44,48.2 1 1
github.com/open-telemetry/opentelemetry-collector-contrib/exporter/googlesecopsexporter/marshal.go:79.161,81.16 2 1
github.com/open-telemetry/opentelemetry-collector-contrib/exporter/googlesecopsexporter/marshal.go:81.16,83.3 1 0
github.com/open-telemetry/opentelemetry-collector-contrib/exporter/googlesecopsexporter/marshal.go:84.2,93.8 1 1
github.com/open-telemetry/opentelemetry-collector-contrib/exporter/googlesecopsexporter/marshal.go:96.121,98.16 2 1
github.com/open-telemetry/opentelemetry-collector-contrib/exporter/googlesecopsexporter/marshal.go:98.16,100.3 1 0
github.com/open-telemetry/opentelemetry-collector-contrib/exporter/googlesecopsexporter/marshal.go:101.2,101.57 1 1
github.com/open-telemetry/opentelemetry-collector-contrib/exporter/googlesecopsexporter/marshal.go:104.103,107.47 3 1
github.com/open-telemetry/opentelemetry-collector-contrib/exporter/googlesecopsexporter/marshal.go:107.47,109.54 2 1
github.com/open-telemetry/opentelemetry-collector-contrib/exporter/googlesecopsexporter/marshal.go:109.54,111.53 2 1
github.com/open-telemetry/opentelemetry-collector-contrib/exporter/googlesecopsexporter/marshal.go:111.53,116.19 3 1
github.com/open-telemetry/opentelemetry-collector-contrib/exporter/googlesecopsexporter/marshal.go:116.19,118.14 2 0
github.com/open-telemetry/opentelemetry-collector-contrib/exporter/googlesecopsexporter/marshal.go:121.5,121.21 1 1
github.com/open-telemetry/opentelemetry-collector-contrib/exporter/googlesecopsexporter/marshal.go:121.21,122.14 1 0
github.com/open-telemetry/opentelemetry-collector-contrib/exporter/googlesecopsexporter/marshal.go:125.5,135.63 6 1
github.com/open-telemetry/opentelemetry-collector-contrib/exporter/googlesecopsexporter/marshal.go:140.2,140.36 1 1
github.com/open-telemetry/opentelemetry-collector-contrib/exporter/googlesecopsexporter/marshal.go:143.186,145.16 2 1
github.com/open-telemetry/opentelemetry-collector-contrib/exporter/googlesecopsexporter/marshal.go:145.16,147.3 1 0
github.com/open-telemetry/opentelemetry-collector-contrib/exporter/googlesecopsexporter/marshal.go:148.2,149.16 2 1
github.com/open-telemetry/opentelemetry-collector-contrib/exporter/googlesecopsexporter/marshal.go:149.16,151.3 1 0
github.com/open-telemetry/opentelemetry-collector-contrib/exporter/googlesecopsexporter/marshal.go:152.2,153.16 2 1
github.com/open-telemetry/opentelemetry-collector-contrib/exporter/googlesecopsexporter/marshal.go:153.16,155.3 1 0
github.com/open-telemetry/opentelemetry-collector-contrib/exporter/googlesecopsexporter/marshal.go:156.2,157.16 2 1
github.com/open-telemetry/opentelemetry-collector-contrib/exporter/googlesecopsexporter/marshal.go:157.16,159.3 1 0
github.com/open-telemetry/opentelemetry-collector-contrib/exporter/googlesecopsexporter/marshal.go:160.2,160.57 1 1
github.com/open-telemetry/opentelemetry-collector-contrib/exporter/googlesecopsexporter/marshal.go:163.206,165.16 2 1
github.com/open-telemetry/opentelemetry-collector-contrib/exporter/googlesecopsexporter/marshal.go:165.16,167.3 1 0
github.com/open-telemetry/opentelemetry-collector-contrib/exporter/googlesecopsexporter/marshal.go:169.2,170.16 2 1
github.com/open-telemetry/opentelemetry-collector-contrib/exporter/googlesecopsexporter/marshal.go:170.16,172.3 1 0
github.com/open-telemetry/opentelemetry-collector-contrib/exporter/googlesecopsexporter/marshal.go:173.2,174.16 2 1
github.com/open-telemetry/opentelemetry-collector-contrib/exporter/googlesecopsexporter/marshal.go:174.16,176.3 1 0
github.com/open-telemetry/opentelemetry-collector-contrib/exporter/googlesecopsexporter/marshal.go:177.2,178.16 2 1
github.com/open-telemetry/opentelemetry-collector-contrib/exporter/googlesecopsexporter/marshal.go:178.16,180.3 1 0
github.com/open-telemetry/opentelemetry-collector-contrib/exporter/googlesecopsexporter/marshal.go:182.2,182.57 1 1
github.com/open-telemetry/opentelemetry-collector-contrib/exporter/googlesecopsexporter/marshal.go:185.149,186.29 1 1
github.com/open-telemetry/opentelemetry-collector-contrib/exporter/googlesecopsexporter/marshal.go:186.29,194.17 3 1
github.com/open-telemetry/opentelemetry-collector-contrib/exporter/googlesecopsexporter/marshal.go:194.17,196.4 1 0
github.com/open-telemetry/opentelemetry-collector-contrib/exporter/googlesecopsexporter/marshal.go:198.3,198.37 1 1
github.com/open-telemetry/opentelemetry-collector-contrib/exporter/googlesecopsexporter/marshal.go:200.2,200.74 1 1
github.com/open-telemetry/opentelemetry-collector-contrib/exporter/googlesecopsexporter/marshal.go:203.55,205.2 1 1
github.com/open-telemetry/opentelemetry-collector-contrib/exporter/googlesecopsexporter/marshal.go:207.150,210.16 2 1
github.com/open-telemetry/opentelemetry-collector-contrib/exporter/googlesecopsexporter/marshal.go:210.16,212.3 1 0
github.com/open-telemetry/opentelemetry-collector-contrib/exporter/googlesecopsexporter/marshal.go:215.2,215.19 1 1
github.com/open-telemetry/opentelemetry-collector-contrib/exporter/googlesecopsexporter/marshal.go:215.19,217.17 2 1
github.com/open-telemetry/opentelemetry-collector-contrib/exporter/googlesecopsexporter/marshal.go:217.17,219.4 1 0
github.com/open-telemetry/opentelemetry-collector-contrib/exporter/googlesecopsexporter/marshal.go:222.2,222.19 1 1
github.com/open-telemetry/opentelemetry-collector-contrib/exporter/googlesecopsexporter/marshal.go:222.19,223.32 1 1
github.com/open-telemetry/opentelemetry-collector-contrib/exporter/googlesecopsexporter/marshal.go:223.32,224.40 1 1
github.com/open-telemetry/opentelemetry-collector-contrib/exporter/googlesecopsexporter/marshal.go:224.40,226.5 1 0
github.com/open-telemetry/opentelemetry-collector-contrib/exporter/googlesecopsexporter/marshal.go:227.4,227.84 1 1
github.com/open-telemetry/opentelemetry-collector-contrib/exporter/googlesecopsexporter/marshal.go:228.9,230.4 1 1
github.com/open-telemetry/opentelemetry-collector-contrib/exporter/googlesecopsexporter/marshal.go:233.2,233.27 1 1
github.com/open-telemetry/opentelemetry-collector-contrib/exporter/googlesecopsexporter/marshal.go:233.27,236.17 2 1
github.com/open-telemetry/opentelemetry-collector-contrib/exporter/googlesecopsexporter/marshal.go:236.17,238.4 1 0
github.com/open-telemetry/opentelemetry-collector-contrib/exporter/googlesecopsexporter/marshal.go:239.3,239.20 1 1
github.com/open-telemetry/opentelemetry-collector-contrib/exporter/googlesecopsexporter/marshal.go:239.20,240.62 1 1
github.com/open-telemetry/opentelemetry-collector-contrib/exporter/googlesecopsexporter/marshal.go:240.62,242.5 1 1
github.com/open-telemetry/opentelemetry-collector-contrib/exporter/googlesecopsexporter/marshal.go:246.2,246.25 1 1
github.com/open-telemetry/opentelemetry-collector-contrib/exporter/googlesecopsexporter/marshal.go:246.25,248.3 1 1
github.com/open-telemetry/opentelemetry-collector-contrib/exporter/googlesecopsexporter/marshal.go:250.2,250.31 1 1
github.com/open-telemetry/opentelemetry-collector-contrib/exporter/googlesecopsexporter/marshal.go:250.31,251.46 1 1
github.com/open-telemetry/opentelemetry-collector-contrib/exporter/googlesecopsexporter/marshal.go:251.46,254.4 2 1
github.com/open-telemetry/opentelemetry-collector-contrib/exporter/googlesecopsexporter/marshal.go:256.2,256.27 1 1
github.com/open-telemetry/opentelemetry-collector-contrib/exporter/googlesecopsexporter/marshal.go:259.152,262.16 2 1
github.com/open-telemetry/opentelemetry-collector-contrib/exporter/googlesecopsexporter/marshal.go:262.16,264.3 1 0
github.com/open-telemetry/opentelemetry-collector-contrib/exporter/googlesecopsexporter/marshal.go:267.2,267.21 1 1
github.com/open-telemetry/opentelemetry-collector-contrib/exporter/googlesecopsexporter/marshal.go:267.21,269.17 2 1
github.com/open-telemetry/opentelemetry-collector-contrib/exporter/googlesecopsexporter/marshal.go:269.17,271.4 1 0
github.com/open-telemetry/opentelemetry-collector-contrib/exporter/googlesecopsexporter/marshal.go:274.2,274.21 1 1
github.com/open-telemetry/opentelemetry-collector-contrib/exporter/googlesecopsexporter/marshal.go:274.21,276.3 1 1
github.com/open-telemetry/opentelemetry-collector-contrib/exporter/googlesecopsexporter/marshal.go:277.2,277.29 1 1
github.com/open-telemetry/opentelemetry-collector-contrib/exporter/googlesecopsexporter/marshal.go:280.93,283.16 2 1
github.com/open-telemetry/opentelemetry-collector-contrib/exporter/googlesecopsexporter/marshal.go:283.16,285.3 1 0
github.com/open-telemetry/opentelemetry-collector-contrib/exporter/googlesecopsexporter/marshal.go:288.2,289.16 2 1
github.com/open-telemetry/opentelemetry-collector-contrib/exporter/googlesecopsexporter/marshal.go:289.16,291.3 1 0
github.com/open-telemetry/opentelemetry-collector-contrib/exporter/googlesecopsexporter/marshal.go:294.2,295.42 2 1
github.com/open-telemetry/opentelemetry-collector-contrib/exporter/googlesecopsexporter/marshal.go:295.42,297.3 1 1
github.com/open-telemetry/opentelemetry-collector-contrib/exporter/googlesecopsexporter/marshal.go:298.2,298.39 1 1
github.com/open-telemetry/opentelemetry-collector-contrib/exporter/googlesecopsexporter/marshal.go:298.39,300.3 1 0
github.com/open-telemetry/opentelemetry-collector-contrib/exporter/googlesecopsexporter/marshal.go:303.2,304.48 2 1
github.com/open-telemetry/opentelemetry-collector-contrib/exporter/googlesecopsexporter/marshal.go:304.48,305.49 1 1
github.com/open-telemetry/opentelemetry-collector-contrib/exporter/googlesecopsexporter/marshal.go:305.49,310.4 1 1
github.com/open-telemetry/opentelemetry-collector-contrib/exporter/googlesecopsexporter/marshal.go:312.2,312.42 1 1
github.com/open-telemetry/opentelemetry-collector-contrib/exporter/googlesecopsexporter/marshal.go:312.42,317.3 1 1
github.com/open-telemetry/opentelemetry-collector-contrib/exporter/googlesecopsexporter/marshal.go:318.2,318.26 1 1
github.com/open-telemetry/opentelemetry-collector-contrib/exporter/googlesecopsexporter/marshal.go:321.113,324.16 2 1
github.com/open-telemetry/opentelemetry-collector-contrib/exporter/googlesecopsexporter/marshal.go:324.16,326.3 1 0
github.com/open-telemetry/opentelemetry-collector-contrib/exporter/googlesecopsexporter/marshal.go:329.2,330.16 2 1
github.com/open-telemetry/opentelemetry-collector-contrib/exporter/googlesecopsexporter/marshal.go:330.16,332.3 1 0
github.com/open-telemetry/opentelemetry-collector-contrib/exporter/googlesecopsexporter/marshal.go:335.2,336.42 2 1
github.com/open-telemetry/opentelemetry-collector-contrib/exporter/googlesecopsexporter/marshal.go:336.42,338.3 1 1
github.com/open-telemetry/opentelemetry-collector-contrib/exporter/googlesecopsexporter/marshal.go:339.2,339.39 1 1
github.com/open-telemetry/opentelemetry-collector-contrib/exporter/googlesecopsexporter/marshal.go:339.39,341.3 1 0
github.com/open-telemetry/opentelemetry-collector-contrib/exporter/googlesecopsexporter/marshal.go:343.2,343.31 1 1
github.com/open-telemetry/opentelemetry-collector-contrib/exporter/googlesecopsexporter/marshal.go:343.31,345.3 1 1
github.com/open-telemetry/opentelemetry-collector-contrib/exporter/googlesecopsexporter/marshal.go:348.2,349.48 2 1
github.com/open-telemetry/opentelemetry-collector-contrib/exporter/googlesecopsexporter/marshal.go:349.48,353.3 1 0
github.com/open-telemetry/opentelemetry-collector-contrib/exporter/googlesecopsexporter/marshal.go:354.2,354.26 1 1
github.com/open-telemetry/opentelemetry-collector-contrib/exporter/googlesecopsexporter/marshal.go:357.165,358.15 1 1
github.com/open-telemetry/opentelemetry-collector-contrib/exporter/googlesecopsexporter/marshal.go:359.14,360.34 1 1
github.com/open-telemetry/opentelemetry-collector-contrib/exporter/googlesecopsexporter/marshal.go:361.29,362.38 1 1
github.com/open-telemetry/opentelemetry-collector-contrib/exporter/googlesecopsexporter/marshal.go:363.29,365.18 2 1
github.com/open-telemetry/opentelemetry-collector-contrib/exporter/googlesecopsexporter/marshal.go:365.18,367.5 1 0
github.com/open-telemetry/opentelemetry-collector-contrib/exporter/googlesecopsexporter/marshal.go:368.4,368.29 1 1
github.com/open-telemetry/opentelemetry-collector-contrib/exporter/googlesecopsexporter/marshal.go:370.20,372.48 2 1
github.com/open-telemetry/opentelemetry-collector-contrib/exporter/googlesecopsexporter/marshal.go:372.48,373.37 1 1
github.com/open-telemetry/opentelemetry-collector-contrib/exporter/googlesecopsexporter/marshal.go:373.37,375.5 1 1
github.com/open-telemetry/opentelemetry-collector-contrib/exporter/googlesecopsexporter/marshal.go:377.3,377.17 1 1
github.com/open-telemetry/opentelemetry-collector-contrib/exporter/googlesecopsexporter/marshal.go:378.29,380.58 2 1
github.com/open-telemetry/opentelemetry-collector-contrib/exporter/googlesecopsexporter/marshal.go:380.58,381.37 1 1
github.com/open-telemetry/opentelemetry-collector-contrib/exporter/googlesecopsexporter/marshal.go:381.37,383.5 1 1
github.com/open-telemetry/opentelemetry-collector-contrib/exporter/googlesecopsexporter/marshal.go:385.3,385.17 1 1
github.com/open-telemetry/opentelemetry-collector-contrib/exporter/googlesecopsexporter/marshal.go:386.31,388.61 2 1
github.com/open-telemetry/opentelemetry-collector-contrib/exporter/googlesecopsexporter/marshal.go:388.61,389.39 1 1
github.com/open-telemetry/opentelemetry-collector-contrib/exporter/googlesecopsexporter/marshal.go:389.39,391.5 1 1
github.com/open-telemetry/opentelemetry-collector-contrib/exporter/googlesecopsexporter/marshal.go:393.3,393.17 1 1
github.com/open-telemetry/opentelemetry-collector-contrib/exporter/googlesecopsexporter/marshal.go:394.26,396.55 2 1
github.com/open-telemetry/opentelemetry-collector-contrib/exporter/googlesecopsexporter/marshal.go:396.55,397.37 1 1
github.com/open-telemetry/opentelemetry-collector-contrib/exporter/googlesecopsexporter/marshal.go:397.37,399.5 1 1
github.com/open-telemetry/opentelemetry-collector-contrib/exporter/googlesecopsexporter/marshal.go:401.3,401.17 1 1
github.com/open-telemetry/opentelemetry-collector-contrib/exporter/googlesecopsexporter/marshal.go:402.28,404.58 2 1
github.com/open-telemetry/opentelemetry-collector-contrib/exporter/googlesecopsexporter/marshal.go:404.58,405.39 1 1
github.com/open-telemetry/opentelemetry-collector-contrib/exporter/googlesecopsexporter/marshal.go:405.39,407.5 1 1
github.com/open-telemetry/opentelemetry-collector-contrib/exporter/googlesecopsexporter/marshal.go:409.3,409.17 1 1
github.com/open-telemetry/opentelemetry-collector-contrib/exporter/googlesecopsexporter/marshal.go:412.2,413.16 2 1
github.com/open-telemetry/opentelemetry-collector-contrib/exporter/googlesecopsexporter/marshal.go:413.16,415.3 1 0
github.com/open-telemetry/opentelemetry-collector-contrib/exporter/googlesecopsexporter/marshal.go:416.2,419.16 3 1
github.com/open-telemetry/opentelemetry-collector-contrib/exporter/googlesecopsexporter/marshal.go:419.16,421.3 1 0
github.com/open-telemetry/opentelemetry-collector-contrib/exporter/googlesecopsexporter/marshal.go:423.2,423.25 1 1
github.com/open-telemetry/opentelemetry-collector-contrib/exporter/googlesecopsexporter/marshal.go:423.25,425.3 1 1
github.com/open-telemetry/opentelemetry-collector-contrib/exporter/googlesecopsexporter/marshal.go:427.2,427.39 1 1
github.com/open-telemetry/opentelemetry-collector-contrib/exporter/googlesecopsexporter/marshal.go:428.14,429.21 1 1
github.com/open-telemetry/opentelemetry-collector-contrib/exporter/googlesecopsexporter/marshal.go:430.19,432.17 2 1
github.com/open-telemetry/opentelemetry-collector-contrib/exporter/googlesecopsexporter/marshal.go:432.17,434.4 1 0
github.com/open-telemetry/opentelemetry-collector-contrib/exporter/googlesecopsexporter/marshal.go:435.3,435.28 1 1
github.com/open-telemetry/opentelemetry-collector-contrib/exporter/googlesecopsexporter/marshal.go:436.10,437.91 1 0
github.com/open-telemetry/opentelemetry-collector-contrib/exporter/googlesecopsexporter/marshal.go:441.112,443.74 2 1
github.com/open-telemetry/opentelemetry-collector-contrib/exporter/googlesecopsexporter/marshal.go:443.74,444.37 1 1
github.com/open-telemetry/opentelemetry-collector-contrib/exporter/googlesecopsexporter/marshal.go:444.37,446.4 1 1
github.com/open-telemetry/opentelemetry-collector-contrib/exporter/googlesecopsexporter/marshal.go:448.3,452.76 3 1
github.com/open-telemetry/opentelemetry-collector-contrib/exporter/googlesecopsexporter/marshal.go:452.76,453.30 1 0
github.com/open-telemetry/opentelemetry-collector-contrib/exporter/googlesecopsexporter/marshal.go:453.30,455.5 1 0
github.com/open-telemetry/opentelemetry-collector-contrib/exporter/googlesecopsexporter/marshal.go:456.9,458.4 1 1
github.com/open-telemetry/opentelemetry-collector-contrib/exporter/googlesecopsexporter/marshal.go:459.3,459.14 1 1
github.com/open-telemetry/opentelemetry-collector-contrib/exporter/googlesecopsexporter/marshal.go:461.2,461.26 1 1
github.com/open-telemetry/opentelemetry-collector-contrib/exporter/googlesecopsexporter/marshal.go:464.127,466.74 2 1
github.com/open-telemetry/opentelemetry-collector-contrib/exporter/googlesecopsexporter/marshal.go:466.74,467.37 1 1
github.com/open-telemetry/opentelemetry-collector-contrib/exporter/googlesecopsexporter/marshal.go:467.37,469.4 1 1
github.com/open-telemetry/opentelemetry-collector-contrib/exporter/googlesecopsexporter/marshal.go:471.3,475.76 3 1
github.com/open-telemetry/opentelemetry-collector-contrib/exporter/googlesecopsexporter/marshal.go:475.76,476.30 1 0
github.com/open-telemetry/opentelemetry-collector-contrib/exporter/googlesecopsexporter/marshal.go:476.30,480.5 1 0
github.com/open-telemetry/opentelemetry-collector-contrib/exporter/googlesecopsexporter/marshal.go:481.9,485.4 1 1
github.com/open-telemetry/opentelemetry-collector-contrib/exporter/googlesecopsexporter/marshal.go:486.3,486.14 1 1
github.com/open-telemetry/opentelemetry-collector-contrib/exporter/googlesecopsexporter/marshal.go:489.2,489.26 1 1
github.com/open-telemetry/opentelemetry-collector-contrib/exporter/googlesecopsexporter/marshal.go:492.98,497.108 3 1
github.com/open-telemetry/opentelemetry-collector-contrib/exporter/googlesecopsexporter/marshal.go:497.108,498.22 1 1
github.com/open-telemetry/opentelemetry-collector-contrib/exporter/googlesecopsexporter/marshal.go:498.22,500.4 1 1
github.com/open-telemetry/opentelemetry-collector-contrib/exporter/googlesecopsexporter/marshal.go:502.3,505.36 3 1
github.com/open-telemetry/opentelemetry-collector-contrib/exporter/googlesecopsexporter/marshal.go:505.36,508.4 2 1
github.com/open-telemetry/opentelemetry-collector-contrib/exporter/googlesecopsexporter/marshal.go:510.2,510.17 1 1
github.com/open-telemetry/opentelemetry-collector-contrib/exporter/googlesecopsexporter/marshal.go:513.120,516.45 3 1
github.com/open-telemetry/opentelemetry-collector-contrib/exporter/googlesecopsexporter/marshal.go:516.45,520.3 1 1
github.com/open-telemetry/opentelemetry-collector-contrib/exporter/googlesecopsexporter/marshal.go:522.2,522.22 1 1
github.com/open-telemetry/opentelemetry-collector-contrib/exporter/googlesecopsexporter/marshal.go:522.22,525.3 2 1
github.com/open-telemetry/opentelemetry-collector-contrib/exporter/googlesecopsexporter/marshal.go:528.2,539.61 8 1
github.com/open-telemetry/opentelemetry-collector-contrib/exporter/googlesecopsexporter/marshal.go:542.153,556.2 1 1
github.com/open-telemetry/opentelemetry-collector-contrib/exporter/googlesecopsexporter/marshal.go:558.134,560.16 2 1
github.com/open-telemetry/opentelemetry-collector-contrib/exporter/googlesecopsexporter/marshal.go:560.16,562.3 1 0
github.com/open-telemetry/opentelemetry-collector-contrib/exporter/googlesecopsexporter/marshal.go:563.2,563.58 1 1
github.com/open-telemetry/opentelemetry-collector-contrib/exporter/googlesecopsexporter/marshal.go:566.117,569.47 3 1
github.com/open-telemetry/opentelemetry-collector-contrib/exporter/googlesecopsexporter/marshal.go:569.47,571.54 2 1
github.com/open-telemetry/opentelemetry-collector-contrib/exporter/googlesecopsexporter/marshal.go:571.54,573.53 2 1
github.com/open-telemetry/opentelemetry-collector-contrib/exporter/googlesecopsexporter/marshal.go:573.53,576.19 3 1
github.com/open-telemetry/opentelemetry-collector-contrib/exporter/googlesecopsexporter/marshal.go:576.19,578.14 2 0
github.com/open-telemetry/opentelemetry-collector-contrib/exporter/googlesecopsexporter/marshal.go:581.5,581.21 1 1
github.com/open-telemetry/opentelemetry-collector-contrib/exporter/googlesecopsexporter/marshal.go:581.21,582.14 1 0
github.com/open-telemetry/opentelemetry-collector-contrib/exporter/googlesecopsexporter/marshal.go:585.5,597.55 6 1
github.com/open-telemetry/opentelemetry-collector-contrib/exporter/googlesecopsexporter/marshal.go:602.2,602.33 1 1
github.com/open-telemetry/opentelemetry-collector-contrib/exporter/googlesecopsexporter/marshal.go:605.55,606.32 1 1
github.com/open-telemetry/opentelemetry-collector-contrib/exporter/googlesecopsexporter/marshal.go:606.32,608.3 1 1
github.com/open-telemetry/opentelemetry-collector-contrib/exporter/googlesecopsexporter/marshal.go:609.2,609.40 1 1
github.com/open-telemetry/opentelemetry-collector-contrib/exporter/googlesecopsexporter/marshal.go:612.63,613.40 1 1
github.com/open-telemetry/opentelemetry-collector-contrib/exporter/googlesecopsexporter/marshal.go:613.40,615.3 1 1
github.com/open-telemetry/opentelemetry-collector-contrib/exporter/googlesecopsexporter/marshal.go:616.2,616.19 1 1
github.com/open-telemetry/opentelemetry-collector-contrib/exporter/googlesecopsexporter/marshal.go:619.56,622.2 2 1
github.com/open-telemetry/opentelemetry-collector-contrib/exporter/googlesecopsexporter/marshal.go:624.115,629.40 3 1
github.com/open-telemetry/opentelemetry-collector-contrib/exporter/googlesecopsexporter/marshal.go:629.40,630.23 1 1
github.com/open-telemetry/opentelemetry-collector-contrib/exporter/googlesecopsexporter/marshal.go:630.23,634.46 3 1
github.com/open-telemetry/opentelemetry-collector-contrib/exporter/googlesecopsexporter/marshal.go:634.46,637.5 2 1
github.com/open-telemetry/opentelemetry-collector-contrib/exporter/googlesecopsexporter/marshal.go:640.2,640.17 1 1
github.com/open-telemetry/opentelemetry-collector-contrib/exporter/googlesecopsexporter/marshal.go:643.110,646.45 3 1
github.com/open-telemetry/opentelemetry-collector-contrib/exporter/googlesecopsexporter/marshal.go:646.45,650.3 1 1
github.com/open-telemetry/opentelemetry-collector-contrib/exporter/googlesecopsexporter/marshal.go:652.2,652.19 1 1
github.com/open-telemetry/opentelemetry-collector-contrib/exporter/googlesecopsexporter/marshal.go:652.19,655.3 2 1
github.com/open-telemetry/opentelemetry-collector-contrib/exporter/googlesecopsexporter/marshal.go:658.2,669.61 8 1
github.com/open-telemetry/opentelemetry-collector-contrib/exporter/googlesecopsexporter/marshal.go:672.86,686.2 1 1
github.com/open-telemetry/opentelemetry-collector-contrib/exporter/googlesecopsexporter/marshal.go:688.54,689.38 1 1
github.com/open-telemetry/opentelemetry-collector-contrib/exporter/googlesecopsexporter/marshal.go:690.42,691.33 1 1
github.com/open-telemetry/opentelemetry-collector-contrib/exporter/googlesecopsexporter/marshal.go:692.52,693.43 1 1
github.com/open-telemetry/opentelemetry-collector-contrib/exporter/googlesecopsexporter/marshal.go:694.46,695.37 1 1
github.com/open-telemetry/opentelemetry-collector-contrib/exporter/googlesecopsexporter/marshal.go:696.10,697.34 1 1
github.com/open-telemetry/opentelemetry-collector-contrib/exporter/googlesecopsexporter/marshal.go:701.48,702.38 1 1
github.com/open-telemetry/opentelemetry-collector-contrib/exporter/googlesecopsexporter/marshal.go:703.42,704.30 1 1
github.com/open-telemetry/opentelemetry-collector-contrib/exporter/googlesecopsexporter/marshal.go:705.52,706.40 1 1
github.com/open-telemetry/opentelemetry-collector-contrib/exporter/googlesecopsexporter/marshal.go:707.46,708.34 1 1
github.com/open-telemetry/opentelemetry-collector-contrib/exporter/googlesecopsexporter/marshal.go:709.10,710.31 1 1
github.com/open-telemetry/opentelemetry-collector-contrib/exporter/googlesecopsexporter/ottl_helper.go:22.109,25.2 2 1
github.com/open-telemetry/opentelemetry-collector-contrib/exporter/googlesecopsexporter/ottl_helper.go:29.119,33.16 3 1
github.com/open-telemetry/opentelemetry-collector-contrib/exporter/googlesecopsexporter/ottl_helper.go:33.16,35.3 1 1
github.com/open-telemetry/opentelemetry-collector-contrib/exporter/googlesecopsexporter/ottl_helper.go:37.2,39.8 1 1
github.com/open-telemetry/opentelemetry-collector-contrib/exporter/googlesecopsexporter/ottl_helper.go:43.138,45.16 2 1
github.com/open-telemetry/opentelemetry-collector-contrib/exporter/googlesecopsexporter/ottl_helper.go:45.16,47.3 1 0
github.com/open-telemetry/opentelemetry-collector-contrib/exporter/googlesecopsexporter/ottl_helper.go:49.2,50.16 2 1
github.com/open-telemetry/opentelemetry-collector-contrib/exporter/googlesecopsexporter/ottl_helper.go:50.16,52.3 1 1
github.com/open-telemetry/opentelemetry-collector-contrib/exporter/googlesecopsexporter/ottl_helper.go:54.2,54.23 1 1
github.com/open-telemetry/opentelemetry-collector-contrib/exporter/googlesecopsexporter/ottl_helper.go:60.78,67.2 4 1
github.com/open-telemetry/opentelemetry-collector-contrib/exporter/googlesecopsexporter/ottl_helper.go:76.64,78.2 1 1
github.com/open-telemetry/opentelemetry-collector-contrib/exporter/googlesecopsexporter/ottl_helper.go:80.118,82.9 2 1
github.com/open-telemetry/opentelemetry-collector-contrib/exporter/googlesecopsexporter/ottl_helper.go:82.9,84.3 1 0
github.com/open-telemetry/opentelemetry-collector-contrib/exporter/googlesecopsexporter/ottl_helper.go:86.2,86.22 1 1
github.com/open-telemetry/opentelemetry-collector-contrib/exporter/googlesecopsexporter/ottl_helper.go:89.83,90.88 1 1
github.com/open-telemetry/opentelemetry-collector-contrib/exporter/googlesecopsexporter/ottl_helper.go:90.88,92.3 1 1
github.com/open-telemetry/opentelemetry-collector-contrib/exporter/googlesecopsexporter/util.go:17.86,19.16 2 1
github.com/open-telemetry/opentelemetry-collector-contrib/exporter/googlesecopsexporter/util.go:19.16,21.3 1 1
github.com/open-telemetry/opentelemetry-collector-contrib/exporter/googlesecopsexporter/util.go:22.2,22.31 1 1
github.com/open-telemetry/opentelemetry-collector-contrib/exporter/googlesecopsexporter/util.go:25.87,27.35 2 1
github.com/open-telemetry/opentelemetry-collector-contrib/exporter/googlesecopsexporter/util.go:27.35,29.3 1 1
github.com/open-telemetry/opentelemetry-collector-contrib/exporter/googlesecopsexporter/util.go:30.2,30.9 1 1
github.com/open-telemetry/opentelemetry-collector-contrib/exporter/googlesecopsexporter/util.go:31.23,32.67 1 1
github.com/open-telemetry/opentelemetry-collector-contrib/exporter/googlesecopsexporter/util.go:33.31,35.17 2 1
github.com/open-telemetry/opentelemetry-collector-contrib/exporter/googlesecopsexporter/util.go:35.17,37.4 1 1
github.com/open-telemetry/opentelemetry-collector-contrib/exporter/googlesecopsexporter/util.go:39.3,39.26 1 1
github.com/open-telemetry/opentelemetry-collector-contrib/exporter/googlesecopsexporter/util.go:39.26,41.4 1 1
github.com/open-telemetry/opentelemetry-collector-contrib/exporter/googlesecopsexporter/util.go:43.3,43.59 1 1
github.com/open-telemetry/opentelemetry-collector-contrib/exporter/googlesecopsexporter/util.go:44.10,45.51 1 1
